Using pre-set license
Built from '2022.3/staging' branch; Version is '2022.3.33f1 (b2c853adf198) revision 11716691'; Using compiler version '192829333'; Build Type 'Release'
OS: 'Windows 11  (10.0.26100) 64bit Core' Language: 'en' Physical Memory: 15775 MB
BatchMode: 1, IsHumanControllingUs: 0, StartBugReporterOnCrash: 0, Is64bit: 1, IsPro: 1

COMMAND LINE ARGUMENTS:
C:\Program Files\Unity\Hub\Editor\2022.3.33f1\Editor\Unity.exe
-adb2
-batchMode
-noUpm
-name
AssetImportWorker4
-projectPath
C:/Users/tyler/Documents/GitHub/MPIE-Summative-Assessment/MPIE Summative Assessment
-logFile
Logs/AssetImportWorker4.log
-srvPort
56045
Successfully changed project path to: C:/Users/tyler/Documents/GitHub/MPIE-Summative-Assessment/MPIE Summative Assessment
C:/Users/tyler/Documents/GitHub/MPIE-Summative-Assessment/MPIE Summative Assessment
[UnityMemory] Configuration Parameters - Can be set up in boot.config
    "memorysetup-bucket-allocator-granularity=16"
    "memorysetup-bucket-allocator-bucket-count=8"
    "memorysetup-bucket-allocator-block-size=33554432"
    "memorysetup-bucket-allocator-block-count=8"
    "memorysetup-main-allocator-block-size=16777216"
    "memorysetup-thread-allocator-block-size=16777216"
    "memorysetup-gfx-main-allocator-block-size=16777216"
    "memorysetup-gfx-thread-allocator-block-size=16777216"
    "memorysetup-cache-allocator-block-size=4194304"
    "memorysetup-typetree-allocator-block-size=2097152"
    "memorysetup-profiler-bucket-allocator-granularity=16"
    "memorysetup-profiler-bucket-allocator-bucket-count=8"
    "memorysetup-profiler-bucket-allocator-block-size=33554432"
    "memorysetup-profiler-bucket-allocator-block-count=8"
    "memorysetup-profiler-allocator-block-size=16777216"
    "memorysetup-profiler-editor-allocator-block-size=1048576"
    "memorysetup-temp-allocator-size-main=16777216"
    "memorysetup-job-temp-allocator-block-size=2097152"
    "memorysetup-job-temp-allocator-block-size-background=1048576"
    "memorysetup-job-temp-allocator-reduction-small-platforms=262144"
    "memorysetup-allocator-temp-initial-block-size-main=262144"
    "memorysetup-allocator-temp-initial-block-size-worker=262144"
    "memorysetup-temp-allocator-size-background-worker=32768"
    "memorysetup-temp-allocator-size-job-worker=262144"
    "memorysetup-temp-allocator-size-preload-manager=33554432"
    "memorysetup-temp-allocator-size-nav-mesh-worker=65536"
    "memorysetup-temp-allocator-size-audio-worker=65536"
    "memorysetup-temp-allocator-size-cloud-worker=32768"
    "memorysetup-temp-allocator-size-gi-baking-worker=262144"
    "memorysetup-temp-allocator-size-gfx=262144"
Player connection [25876] Host "[IP] 192.168.0.206 [Port] 0 [Flags] 2 [Guid] 971935407 [EditorId] 971935407 [Version] 1048832 [Id] WindowsEditor(7,Tylers_Laptop) [Debug] 1 [PackageName] WindowsEditor [ProjectName] Editor" joined multi-casting on [225.0.0.222:54997]...

Player connection [25876] Host "[IP] 192.168.0.206 [Port] 0 [Flags] 2 [Guid] 971935407 [EditorId] 971935407 [Version] 1048832 [Id] WindowsEditor(7,Tylers_Laptop) [Debug] 1 [PackageName] WindowsEditor [ProjectName] Editor" joined alternative multi-casting on [225.0.0.222:34997]...

[PhysX] Initialized MultithreadedTaskDispatcher with 12 workers.
Refreshing native plugins compatible for Editor in 11.89 ms, found 3 plugins.
Preloading 0 native plugins for Editor in 0.00 ms.
Initialize engine version: 2022.3.33f1 (b2c853adf198)
[Subsystems] Discovering subsystems at path C:/Program Files/Unity/Hub/Editor/2022.3.33f1/Editor/Data/Resources/UnitySubsystems
[Subsystems] Discovering subsystems at path C:/Users/tyler/Documents/GitHub/MPIE-Summative-Assessment/MPIE Summative Assessment/Assets
GfxDevice: creating device client; threaded=0; jobified=0
Direct3D:
    Version:  Direct3D 11.0 [level 11.1]
    Renderer: AMD Radeon(TM) Graphics (ID=0x1638)
    Vendor:   ATI
    VRAM:     7887 MB
    Driver:   31.0.21916.1002
Initialize mono
Mono path[0] = 'C:/Program Files/Unity/Hub/Editor/2022.3.33f1/Editor/Data/Managed'
Mono path[1] = 'C:/Program Files/Unity/Hub/Editor/2022.3.33f1/Editor/Data/MonoBleedingEdge/lib/mono/unityjit-win32'
Mono config path = 'C:/Program Files/Unity/Hub/Editor/2022.3.33f1/Editor/Data/MonoBleedingEdge/etc'
Using monoOptions --debugger-agent=transport=dt_socket,embedding=1,server=y,suspend=n,address=127.0.0.1:56492
Begin MonoManager ReloadAssembly
Registering precompiled unity dll's ...
Register platform support module: C:/Program Files/Unity/Hub/Editor/2022.3.33f1/Editor/Data/PlaybackEngines/WindowsStandaloneSupport/UnityEditor.WindowsStandalone.Extensions.dll
Registered in 0.007670 seconds.
- Loaded All Assemblies, in  0.357 seconds
Native extension for WindowsStandalone target not found
Mono: successfully reloaded assembly
- Finished resetting the current domain, in  0.340 seconds
Domain Reload Profiling: 695ms
	BeginReloadAssembly (111ms)
		ExecutionOrderSort (0ms)
		DisableScriptedObjects (0ms)
		BackupInstance (0ms)
		ReleaseScriptingObjects (0ms)
		CreateAndSetChildDomain (1ms)
	RebuildCommonClasses (31ms)
	RebuildNativeTypeToScriptingClass (9ms)
	initialDomainReloadingComplete (58ms)
	LoadAllAssembliesAndSetupDomain (146ms)
		LoadAssemblies (109ms)
		RebuildTransferFunctionScriptingTraits (0ms)
		AnalyzeDomain (144ms)
			TypeCache.Refresh (141ms)
				TypeCache.ScanAssembly (126ms)
			ScanForSourceGeneratedMonoScriptInfo (1ms)
			ResolveRequiredComponents (1ms)
	FinalizeReload (341ms)
		ReleaseScriptCaches (0ms)
		RebuildScriptCaches (0ms)
		SetupLoadedEditorAssemblies (269ms)
			LogAssemblyErrors (0ms)
			InitializePlatformSupportModulesInManaged (11ms)
			SetLoadedEditorAssemblies (10ms)
			RefreshPlugins (0ms)
			BeforeProcessingInitializeOnLoad (3ms)
			ProcessInitializeOnLoadAttributes (184ms)
			ProcessInitializeOnLoadMethodAttributes (60ms)
			AfterProcessingInitializeOnLoad (0ms)
			EditorAssembliesLoaded (0ms)
		ExecutionOrderSort2 (0ms)
		AwakeInstancesAfterBackupRestoration (0ms)
========================================================================
Worker process is ready to serve import requests
Begin MonoManager ReloadAssembly
- Loaded All Assemblies, in  0.700 seconds
Refreshing native plugins compatible for Editor in 4.53 ms, found 3 plugins.
Native extension for WindowsStandalone target not found
Mono: successfully reloaded assembly
- Finished resetting the current domain, in  0.817 seconds
Domain Reload Profiling: 1513ms
	BeginReloadAssembly (143ms)
		ExecutionOrderSort (0ms)
		DisableScriptedObjects (5ms)
		BackupInstance (0ms)
		ReleaseScriptingObjects (0ms)
		CreateAndSetChildDomain (22ms)
	RebuildCommonClasses (32ms)
	RebuildNativeTypeToScriptingClass (9ms)
	initialDomainReloadingComplete (47ms)
	LoadAllAssembliesAndSetupDomain (465ms)
		LoadAssemblies (373ms)
		RebuildTransferFunctionScriptingTraits (0ms)
		AnalyzeDomain (178ms)
			TypeCache.Refresh (154ms)
				TypeCache.ScanAssembly (140ms)
			ScanForSourceGeneratedMonoScriptInfo (16ms)
			ResolveRequiredComponents (5ms)
	FinalizeReload (817ms)
		ReleaseScriptCaches (0ms)
		RebuildScriptCaches (0ms)
		SetupLoadedEditorAssemblies (663ms)
			LogAssemblyErrors (0ms)
			InitializePlatformSupportModulesInManaged (7ms)
			SetLoadedEditorAssemblies (4ms)
			RefreshPlugins (0ms)
			BeforeProcessingInitializeOnLoad (77ms)
			ProcessInitializeOnLoadAttributes (540ms)
			ProcessInitializeOnLoadMethodAttributes (24ms)
			AfterProcessingInitializeOnLoad (11ms)
			EditorAssembliesLoaded (0ms)
		ExecutionOrderSort2 (0ms)
		AwakeInstancesAfterBackupRestoration (7ms)
Launched and connected shader compiler UnityShaderCompiler.exe after 0.07 seconds
Refreshing native plugins compatible for Editor in 5.38 ms, found 3 plugins.
Preloading 0 native plugins for Editor in 0.00 ms.
Unloading 4026 Unused Serialized files (Serialized files now loaded: 0)
Unloading 59 unused Assets / (179.1 KB). Loaded Objects now: 4487.
Memory consumption went from 148.6 MB to 148.4 MB.
Total: 5.676300 ms (FindLiveObjects: 0.642600 ms CreateObjectMapping: 0.415500 ms MarkObjects: 4.412400 ms  DeleteObjects: 0.204800 ms)

AssetImportParameters requested are different than current active one (requested -> active):
  custom:container-demuxer-ogg: 62fdf1f143b41e24485cea50d1cbac27 -> 
  custom:scripting/monoscript/fileName/EventData.cs: 7f9c772d9f7557312dd61948a239c04f -> 
  custom:scripting/monoscript/fileName/EazyEventKey.cs: b578b53fec93567ad19bea54bb9691ac -> 
  custom:scripting/monoscript/fileName/EzMotor.cs: d95a3d0d2b8460e4950994fe5a3448c9 -> 
  custom:scripting/monoscript/fileName/FollowParent.cs: 8b53cad9a77dee649b53eaea59b3c3d0 -> 
  custom:scripting/monoscript/fileName/EzCamera.cs: 9debed0864edb30df7b566b12baa4309 -> 
  custom:video-decoder-ogg-theora: a1e56fd34408186e4bbccfd4996cb3dc -> 
  custom:framework-win-MediaFoundation: 216162199b28c13a410421893ffa2e32 -> 
  custom:scripting/monoscript/fileName/EzStationaryState.cs: 52d5cb91828da8f25545fd15367c2dd1 -> 
  custom:scripting/monoscript/fileName/EazyTargetReticle.cs: 17b52ee45f45bc3d38474929aff2f2de -> 
  custom:scripting/monoscript/fileName/ExtensionMethods.cs: 4f0ee0b787929b0d750983189a906962 -> 
  custom:scripting/monoscript/fileName/EzPlayerController.cs: 4588e531bc9c8707152077cf2c6f8242 -> 
  custom:CustomObjectIndexerAttribute: 9a22284fe3817be447336de3de66b15e -> 
  custom:scripting/monoscript/fileName/EazyCollider.cs: 2462904762d98fa49055bf21815f2c84 -> 
  custom:scripting/monoscript/fileName/EzCameraSettings.cs: d2e4e4cddbc6894fd5e97e4bc0359f07 -> 
  custom:scripting/monoscript/fileName/EzCamInspector.cs: 5c933d480e76dcccb00829e3b85157d2 -> 
  custom:container-demuxer-webm: 4f35f7cbe854078d1ac9338744f61a02 -> 
  custom:scripting/monoscript/fileName/EazyCam.cs: 87a8ae9d70cb5b0bcf931755714174b7 -> 
  custom:scripting/monoscript/fileName/EazyEventManager.cs: 0c4e3348fd896dc44a2974ceeb5c7cf6 -> 
  custom:scripting/monoscript/fileName/EazyController.cs: f3170ba83550d5bea5fdec29db4e5d46 -> 
  custom:scripting/monoscript/fileName/EazyConstants.cs: 1b6ff62dd5e0b4ecb6e499793fd70a57 -> 
  custom:container-muxer-webm: aa71ff27fc2769a1b78a27578f13a17b -> 
  custom:scripting/monoscript/fileName/EzStateMachine.cs: 2b197fc5472862c0849c7524f3514dd7 -> 
  custom:video-decoder-webm-vp8: 9c59270c3fd7afecdb556c50c9e8de78 -> 
  custom:scripting/monoscript/fileName/EzLockOnState.cs: 0c3d7bb512738f873e23b4d3b73cb657 -> 
  custom:scripting/monoscript/fileName/EzFollowState.cs: 1d0e66b0ccdad5c896c6ba9c893c5080 -> 
  custom:SearchIndexIgnoredProperties: e643bd26f0fe6173181afceb89e7c659 -> 
  custom:AudioImporter_EditorPlatform: d09bf68614088b80899f8185d706f6e7 -> 
  custom:scripting/monoscript/fileName/CameraInfoPanel.cs: fad39ce8bc64894ff7bd696ae4457b12 -> 
  custom:scripting/monoscript/fileName/EzCameraController.cs: 2867cf714dd68fb2c662a576aa6a1141 -> 
  custom:scripting/monoscript/fileName/EazyLockOnTarget.cs: a68787b9265f0eaf67852271c1d0dd44 -> 
  custom:scripting/monoscript/fileName/EzCameraState.cs: 1bb02134bd33f103f04bacf6727962cf -> 
  custom:scripting/monoscript/fileName/EzOrbitState.cs: 1b56d103d6902b8f0da0975cd9e90490 -> 
  custom:scripting/monoscript/fileName/EzLockOnTarget.cs: 99f9b3e4747d371a9352a8349e96a4b2 -> 
  custom:scripting/monoscript/fileName/EazyCameraUtility.cs: 21b872a57246b9238721c9e7d813230d -> 
  custom:video-encoder-webm-vp8: eb34c28f22e8b96e1ab97ce403110664 -> 
  custom:audio-decoder-ogg-vorbis: bf7c407c2cedff20999df2af8eb42d56 -> 
  custom:scripting/monoscript/fileName/EzAnimator.cs: 573221b1067cb315f913c44cd6ca4e95 -> 
  custom:scripting/monoscript/fileName/EzCameraCollider.cs: 91604209b18393c823b2ada9c830cf7a -> 
  custom:scripting/monoscript/fileName/MouseAimCamera.cs: 96153efc34b052ed2e89107fc8f8f675 -> 1671d119a9c79c82280d48cdf510fab2
  custom:audio-encoder-webm-vorbis: bf7c407c2cedff20999df2af8eb42d56 -> 
  custom:scripting/monoscript/fileName/FloatRange.cs: 9223d148eabe5b0420ce339d299cfe1a -> 
  custom:scripting/monoscript/fileName/EazyTargetManager.cs: af2defdcc02bd4b00327812801bdfffa -> 
========================================================================
Received Prepare
Begin MonoManager ReloadAssembly
- Loaded All Assemblies, in  0.513 seconds
Refreshing native plugins compatible for Editor in 7.09 ms, found 3 plugins.
Native extension for WindowsStandalone target not found
Mono: successfully reloaded assembly
- Finished resetting the current domain, in  1.648 seconds
Domain Reload Profiling: 2157ms
	BeginReloadAssembly (163ms)
		ExecutionOrderSort (0ms)
		DisableScriptedObjects (5ms)
		BackupInstance (0ms)
		ReleaseScriptingObjects (0ms)
		CreateAndSetChildDomain (42ms)
	RebuildCommonClasses (28ms)
	RebuildNativeTypeToScriptingClass (13ms)
	initialDomainReloadingComplete (35ms)
	LoadAllAssembliesAndSetupDomain (270ms)
		LoadAssemblies (332ms)
		RebuildTransferFunctionScriptingTraits (0ms)
		AnalyzeDomain (22ms)
			TypeCache.Refresh (12ms)
				TypeCache.ScanAssembly (0ms)
			ScanForSourceGeneratedMonoScriptInfo (0ms)
			ResolveRequiredComponents (7ms)
	FinalizeReload (1649ms)
		ReleaseScriptCaches (0ms)
		RebuildScriptCaches (0ms)
		SetupLoadedEditorAssemblies (775ms)
			LogAssemblyErrors (0ms)
			InitializePlatformSupportModulesInManaged (8ms)
			SetLoadedEditorAssemblies (4ms)
			RefreshPlugins (0ms)
			BeforeProcessingInitializeOnLoad (95ms)
			ProcessInitializeOnLoadAttributes (624ms)
			ProcessInitializeOnLoadMethodAttributes (31ms)
			AfterProcessingInitializeOnLoad (12ms)
			EditorAssembliesLoaded (0ms)
		ExecutionOrderSort2 (0ms)
		AwakeInstancesAfterBackupRestoration (10ms)
Refreshing native plugins compatible for Editor in 5.45 ms, found 3 plugins.
Preloading 0 native plugins for Editor in 0.00 ms.
Unloading 3999 Unused Serialized files (Serialized files now loaded: 0)
Unloading 29 unused Assets / (167.1 KB). Loaded Objects now: 4502.
Memory consumption went from 142.4 MB to 142.3 MB.
Total: 4.157000 ms (FindLiveObjects: 0.354100 ms CreateObjectMapping: 0.296700 ms MarkObjects: 3.346100 ms  DeleteObjects: 0.159100 ms)

Prepare: number of updated asset objects reloaded= 0
AssetImportParameters requested are different than current active one (requested -> active):
  custom:container-demuxer-ogg: 62fdf1f143b41e24485cea50d1cbac27 -> 
  custom:scripting/monoscript/fileName/EventData.cs: 7f9c772d9f7557312dd61948a239c04f -> 
  custom:scripting/monoscript/fileName/EazyEventKey.cs: b578b53fec93567ad19bea54bb9691ac -> 
  custom:scripting/monoscript/fileName/EzMotor.cs: d95a3d0d2b8460e4950994fe5a3448c9 -> 
  custom:scripting/monoscript/fileName/FollowParent.cs: 8b53cad9a77dee649b53eaea59b3c3d0 -> 
  custom:scripting/monoscript/fileName/EzCamera.cs: 9debed0864edb30df7b566b12baa4309 -> 
  custom:video-decoder-ogg-theora: a1e56fd34408186e4bbccfd4996cb3dc -> 
  custom:framework-win-MediaFoundation: 216162199b28c13a410421893ffa2e32 -> 
  custom:scripting/monoscript/fileName/EzStationaryState.cs: 52d5cb91828da8f25545fd15367c2dd1 -> 
  custom:scripting/monoscript/fileName/EazyTargetReticle.cs: 17b52ee45f45bc3d38474929aff2f2de -> 
  custom:scripting/monoscript/fileName/ExtensionMethods.cs: 4f0ee0b787929b0d750983189a906962 -> 
  custom:scripting/monoscript/fileName/EzPlayerController.cs: 4588e531bc9c8707152077cf2c6f8242 -> 
  custom:CustomObjectIndexerAttribute: 9a22284fe3817be447336de3de66b15e -> 
  custom:scripting/monoscript/fileName/EazyCollider.cs: 2462904762d98fa49055bf21815f2c84 -> 
  custom:scripting/monoscript/fileName/EzCameraSettings.cs: d2e4e4cddbc6894fd5e97e4bc0359f07 -> 
  custom:scripting/monoscript/fileName/EzCamInspector.cs: 5c933d480e76dcccb00829e3b85157d2 -> 
  custom:container-demuxer-webm: 4f35f7cbe854078d1ac9338744f61a02 -> 
  custom:scripting/monoscript/fileName/EazyCam.cs: 87a8ae9d70cb5b0bcf931755714174b7 -> 
  custom:scripting/monoscript/fileName/EazyEventManager.cs: 0c4e3348fd896dc44a2974ceeb5c7cf6 -> 
  custom:scripting/monoscript/fileName/EazyController.cs: f3170ba83550d5bea5fdec29db4e5d46 -> 
  custom:scripting/monoscript/fileName/EazyConstants.cs: 1b6ff62dd5e0b4ecb6e499793fd70a57 -> 
  custom:container-muxer-webm: aa71ff27fc2769a1b78a27578f13a17b -> 
  custom:scripting/monoscript/fileName/EzStateMachine.cs: 2b197fc5472862c0849c7524f3514dd7 -> 
  custom:video-decoder-webm-vp8: 9c59270c3fd7afecdb556c50c9e8de78 -> 
  custom:scripting/monoscript/fileName/EzLockOnState.cs: 0c3d7bb512738f873e23b4d3b73cb657 -> 
  custom:scripting/monoscript/fileName/EzFollowState.cs: 1d0e66b0ccdad5c896c6ba9c893c5080 -> 
  custom:SearchIndexIgnoredProperties: e643bd26f0fe6173181afceb89e7c659 -> 
  custom:AudioImporter_EditorPlatform: d09bf68614088b80899f8185d706f6e7 -> 
  custom:scripting/monoscript/fileName/CameraInfoPanel.cs: fad39ce8bc64894ff7bd696ae4457b12 -> 
  custom:scripting/monoscript/fileName/EzCameraController.cs: 2867cf714dd68fb2c662a576aa6a1141 -> 
  custom:scripting/monoscript/fileName/EazyLockOnTarget.cs: a68787b9265f0eaf67852271c1d0dd44 -> 
  custom:scripting/monoscript/fileName/EzCameraState.cs: 1bb02134bd33f103f04bacf6727962cf -> 
  custom:scripting/monoscript/fileName/EzOrbitState.cs: 1b56d103d6902b8f0da0975cd9e90490 -> 
  custom:scripting/monoscript/fileName/EzLockOnTarget.cs: 99f9b3e4747d371a9352a8349e96a4b2 -> 
  custom:scripting/monoscript/fileName/EazyCameraUtility.cs: 21b872a57246b9238721c9e7d813230d -> 
  custom:video-encoder-webm-vp8: eb34c28f22e8b96e1ab97ce403110664 -> 
  custom:audio-decoder-ogg-vorbis: bf7c407c2cedff20999df2af8eb42d56 -> 
  custom:scripting/monoscript/fileName/EzAnimator.cs: 573221b1067cb315f913c44cd6ca4e95 -> 
  custom:scripting/monoscript/fileName/EzCameraCollider.cs: 91604209b18393c823b2ada9c830cf7a -> 
  custom:scripting/monoscript/fileName/MouseAimCamera.cs: 96153efc34b052ed2e89107fc8f8f675 -> 1671d119a9c79c82280d48cdf510fab2
  custom:audio-encoder-webm-vorbis: bf7c407c2cedff20999df2af8eb42d56 -> 
  custom:scripting/monoscript/fileName/FloatRange.cs: 9223d148eabe5b0420ce339d299cfe1a -> 
  custom:scripting/monoscript/fileName/EazyTargetManager.cs: af2defdcc02bd4b00327812801bdfffa -> 
========================================================================
Received Prepare
Begin MonoManager ReloadAssembly
- Loaded All Assemblies, in  0.583 seconds
Refreshing native plugins compatible for Editor in 5.64 ms, found 3 plugins.
Native extension for WindowsStandalone target not found
Mono: successfully reloaded assembly
- Finished resetting the current domain, in  1.515 seconds
Domain Reload Profiling: 2095ms
	BeginReloadAssembly (227ms)
		ExecutionOrderSort (0ms)
		DisableScriptedObjects (7ms)
		BackupInstance (0ms)
		ReleaseScriptingObjects (0ms)
		CreateAndSetChildDomain (57ms)
	RebuildCommonClasses (33ms)
	RebuildNativeTypeToScriptingClass (9ms)
	initialDomainReloadingComplete (37ms)
	LoadAllAssembliesAndSetupDomain (274ms)
		LoadAssemblies (354ms)
		RebuildTransferFunctionScriptingTraits (0ms)
		AnalyzeDomain (22ms)
			TypeCache.Refresh (10ms)
				TypeCache.ScanAssembly (0ms)
			ScanForSourceGeneratedMonoScriptInfo (0ms)
			ResolveRequiredComponents (9ms)
	FinalizeReload (1516ms)
		ReleaseScriptCaches (0ms)
		RebuildScriptCaches (0ms)
		SetupLoadedEditorAssemblies (712ms)
			LogAssemblyErrors (0ms)
			InitializePlatformSupportModulesInManaged (11ms)
			SetLoadedEditorAssemblies (6ms)
			RefreshPlugins (0ms)
			BeforeProcessingInitializeOnLoad (91ms)
			ProcessInitializeOnLoadAttributes (568ms)
			ProcessInitializeOnLoadMethodAttributes (26ms)
			AfterProcessingInitializeOnLoad (11ms)
			EditorAssembliesLoaded (0ms)
		ExecutionOrderSort2 (0ms)
		AwakeInstancesAfterBackupRestoration (9ms)
Refreshing native plugins compatible for Editor in 4.79 ms, found 3 plugins.
Preloading 0 native plugins for Editor in 0.00 ms.
Unloading 3999 Unused Serialized files (Serialized files now loaded: 0)
Unloading 29 unused Assets / (167.3 KB). Loaded Objects now: 4517.
Memory consumption went from 142.4 MB to 142.3 MB.
Total: 6.904900 ms (FindLiveObjects: 0.889500 ms CreateObjectMapping: 0.803900 ms MarkObjects: 4.885100 ms  DeleteObjects: 0.325300 ms)

Prepare: number of updated asset objects reloaded= 0
AssetImportParameters requested are different than current active one (requested -> active):
  custom:container-demuxer-ogg: 62fdf1f143b41e24485cea50d1cbac27 -> 
  custom:scripting/monoscript/fileName/EventData.cs: 7f9c772d9f7557312dd61948a239c04f -> 
  custom:scripting/monoscript/fileName/EazyEventKey.cs: b578b53fec93567ad19bea54bb9691ac -> 
  custom:scripting/monoscript/fileName/EzMotor.cs: d95a3d0d2b8460e4950994fe5a3448c9 -> 
  custom:scripting/monoscript/fileName/FollowParent.cs: 8b53cad9a77dee649b53eaea59b3c3d0 -> 
  custom:scripting/monoscript/fileName/EzCamera.cs: 9debed0864edb30df7b566b12baa4309 -> 
  custom:video-decoder-ogg-theora: a1e56fd34408186e4bbccfd4996cb3dc -> 
  custom:framework-win-MediaFoundation: 216162199b28c13a410421893ffa2e32 -> 
  custom:scripting/monoscript/fileName/EzStationaryState.cs: 52d5cb91828da8f25545fd15367c2dd1 -> 
  custom:scripting/monoscript/fileName/EazyTargetReticle.cs: 17b52ee45f45bc3d38474929aff2f2de -> 
  custom:scripting/monoscript/fileName/ExtensionMethods.cs: 4f0ee0b787929b0d750983189a906962 -> 
  custom:scripting/monoscript/fileName/EzPlayerController.cs: 4588e531bc9c8707152077cf2c6f8242 -> 
  custom:CustomObjectIndexerAttribute: 9a22284fe3817be447336de3de66b15e -> 
  custom:scripting/monoscript/fileName/EazyCollider.cs: 2462904762d98fa49055bf21815f2c84 -> 
  custom:scripting/monoscript/fileName/EzCameraSettings.cs: d2e4e4cddbc6894fd5e97e4bc0359f07 -> 
  custom:scripting/monoscript/fileName/EzCamInspector.cs: 5c933d480e76dcccb00829e3b85157d2 -> 
  custom:container-demuxer-webm: 4f35f7cbe854078d1ac9338744f61a02 -> 
  custom:scripting/monoscript/fileName/EazyCam.cs: 87a8ae9d70cb5b0bcf931755714174b7 -> 
  custom:scripting/monoscript/fileName/EazyEventManager.cs: 0c4e3348fd896dc44a2974ceeb5c7cf6 -> 
  custom:scripting/monoscript/fileName/EazyController.cs: f3170ba83550d5bea5fdec29db4e5d46 -> 
  custom:scripting/monoscript/fileName/EazyConstants.cs: 1b6ff62dd5e0b4ecb6e499793fd70a57 -> 
  custom:container-muxer-webm: aa71ff27fc2769a1b78a27578f13a17b -> 
  custom:scripting/monoscript/fileName/EzStateMachine.cs: 2b197fc5472862c0849c7524f3514dd7 -> 
  custom:video-decoder-webm-vp8: 9c59270c3fd7afecdb556c50c9e8de78 -> 
  custom:scripting/monoscript/fileName/EzLockOnState.cs: 0c3d7bb512738f873e23b4d3b73cb657 -> 
  custom:scripting/monoscript/fileName/EzFollowState.cs: 1d0e66b0ccdad5c896c6ba9c893c5080 -> 
  custom:SearchIndexIgnoredProperties: e643bd26f0fe6173181afceb89e7c659 -> 
  custom:AudioImporter_EditorPlatform: d09bf68614088b80899f8185d706f6e7 -> 
  custom:scripting/monoscript/fileName/CameraInfoPanel.cs: fad39ce8bc64894ff7bd696ae4457b12 -> 
  custom:scripting/monoscript/fileName/EzCameraController.cs: 2867cf714dd68fb2c662a576aa6a1141 -> 
  custom:scripting/monoscript/fileName/EazyLockOnTarget.cs: a68787b9265f0eaf67852271c1d0dd44 -> 
  custom:scripting/monoscript/fileName/EzCameraState.cs: 1bb02134bd33f103f04bacf6727962cf -> 
  custom:scripting/monoscript/fileName/EzOrbitState.cs: 1b56d103d6902b8f0da0975cd9e90490 -> 
  custom:scripting/monoscript/fileName/EzLockOnTarget.cs: 99f9b3e4747d371a9352a8349e96a4b2 -> 
  custom:scripting/monoscript/fileName/EazyCameraUtility.cs: 21b872a57246b9238721c9e7d813230d -> 
  custom:video-encoder-webm-vp8: eb34c28f22e8b96e1ab97ce403110664 -> 
  custom:audio-decoder-ogg-vorbis: bf7c407c2cedff20999df2af8eb42d56 -> 
  custom:scripting/monoscript/fileName/EzAnimator.cs: 573221b1067cb315f913c44cd6ca4e95 -> 
  custom:scripting/monoscript/fileName/EzCameraCollider.cs: 91604209b18393c823b2ada9c830cf7a -> 
  custom:scripting/monoscript/fileName/MouseAimCamera.cs: 96153efc34b052ed2e89107fc8f8f675 -> 1671d119a9c79c82280d48cdf510fab2
  custom:audio-encoder-webm-vorbis: bf7c407c2cedff20999df2af8eb42d56 -> 
  custom:scripting/monoscript/fileName/FloatRange.cs: 9223d148eabe5b0420ce339d299cfe1a -> 
  custom:scripting/monoscript/fileName/EazyTargetManager.cs: af2defdcc02bd4b00327812801bdfffa -> 
========================================================================
Received Prepare
Begin MonoManager ReloadAssembly
- Loaded All Assemblies, in  0.496 seconds
Refreshing native plugins compatible for Editor in 7.16 ms, found 3 plugins.
Native extension for WindowsStandalone target not found
Mono: successfully reloaded assembly
- Finished resetting the current domain, in  1.567 seconds
Domain Reload Profiling: 2059ms
	BeginReloadAssembly (166ms)
		ExecutionOrderSort (0ms)
		DisableScriptedObjects (7ms)
		BackupInstance (0ms)
		ReleaseScriptingObjects (0ms)
		CreateAndSetChildDomain (38ms)
	RebuildCommonClasses (28ms)
	RebuildNativeTypeToScriptingClass (9ms)
	initialDomainReloadingComplete (31ms)
	LoadAllAssembliesAndSetupDomain (258ms)
		LoadAssemblies (315ms)
		RebuildTransferFunctionScriptingTraits (0ms)
		AnalyzeDomain (23ms)
			TypeCache.Refresh (12ms)
				TypeCache.ScanAssembly (0ms)
			ScanForSourceGeneratedMonoScriptInfo (0ms)
			ResolveRequiredComponents (8ms)
	FinalizeReload (1568ms)
		ReleaseScriptCaches (0ms)
		RebuildScriptCaches (0ms)
		SetupLoadedEditorAssemblies (718ms)
			LogAssemblyErrors (0ms)
			InitializePlatformSupportModulesInManaged (11ms)
			SetLoadedEditorAssemblies (4ms)
			RefreshPlugins (0ms)
			BeforeProcessingInitializeOnLoad (89ms)
			ProcessInitializeOnLoadAttributes (572ms)
			ProcessInitializeOnLoadMethodAttributes (32ms)
			AfterProcessingInitializeOnLoad (10ms)
			EditorAssembliesLoaded (0ms)
		ExecutionOrderSort2 (0ms)
		AwakeInstancesAfterBackupRestoration (6ms)
Refreshing native plugins compatible for Editor in 5.94 ms, found 3 plugins.
Preloading 0 native plugins for Editor in 0.00 ms.
Unloading 3999 Unused Serialized files (Serialized files now loaded: 0)
Unloading 29 unused Assets / (167.2 KB). Loaded Objects now: 4532.
Memory consumption went from 142.5 MB to 142.3 MB.
Total: 7.017900 ms (FindLiveObjects: 0.728000 ms CreateObjectMapping: 0.586800 ms MarkObjects: 5.370300 ms  DeleteObjects: 0.329700 ms)

Prepare: number of updated asset objects reloaded= 0
AssetImportParameters requested are different than current active one (requested -> active):
  custom:container-demuxer-ogg: 62fdf1f143b41e24485cea50d1cbac27 -> 
  custom:scripting/monoscript/fileName/EventData.cs: 7f9c772d9f7557312dd61948a239c04f -> 
  custom:scripting/monoscript/fileName/EazyEventKey.cs: b578b53fec93567ad19bea54bb9691ac -> 
  custom:scripting/monoscript/fileName/EzMotor.cs: d95a3d0d2b8460e4950994fe5a3448c9 -> 
  custom:scripting/monoscript/fileName/FollowParent.cs: 8b53cad9a77dee649b53eaea59b3c3d0 -> 
  custom:scripting/monoscript/fileName/EzCamera.cs: 9debed0864edb30df7b566b12baa4309 -> 
  custom:video-decoder-ogg-theora: a1e56fd34408186e4bbccfd4996cb3dc -> 
  custom:framework-win-MediaFoundation: 216162199b28c13a410421893ffa2e32 -> 
  custom:scripting/monoscript/fileName/EzStationaryState.cs: 52d5cb91828da8f25545fd15367c2dd1 -> 
  custom:scripting/monoscript/fileName/EazyTargetReticle.cs: 17b52ee45f45bc3d38474929aff2f2de -> 
  custom:scripting/monoscript/fileName/ExtensionMethods.cs: 4f0ee0b787929b0d750983189a906962 -> 
  custom:scripting/monoscript/fileName/EzPlayerController.cs: 4588e531bc9c8707152077cf2c6f8242 -> 
  custom:CustomObjectIndexerAttribute: 9a22284fe3817be447336de3de66b15e -> 
  custom:scripting/monoscript/fileName/EazyCollider.cs: 2462904762d98fa49055bf21815f2c84 -> 
  custom:scripting/monoscript/fileName/EzCameraSettings.cs: d2e4e4cddbc6894fd5e97e4bc0359f07 -> 
  custom:scripting/monoscript/fileName/EzCamInspector.cs: 5c933d480e76dcccb00829e3b85157d2 -> 
  custom:container-demuxer-webm: 4f35f7cbe854078d1ac9338744f61a02 -> 
  custom:scripting/monoscript/fileName/EazyCam.cs: 87a8ae9d70cb5b0bcf931755714174b7 -> 
  custom:scripting/monoscript/fileName/EazyEventManager.cs: 0c4e3348fd896dc44a2974ceeb5c7cf6 -> 
  custom:scripting/monoscript/fileName/EazyController.cs: f3170ba83550d5bea5fdec29db4e5d46 -> 
  custom:scripting/monoscript/fileName/EazyConstants.cs: 1b6ff62dd5e0b4ecb6e499793fd70a57 -> 
  custom:container-muxer-webm: aa71ff27fc2769a1b78a27578f13a17b -> 
  custom:scripting/monoscript/fileName/EzStateMachine.cs: 2b197fc5472862c0849c7524f3514dd7 -> 
  custom:video-decoder-webm-vp8: 9c59270c3fd7afecdb556c50c9e8de78 -> 
  custom:scripting/monoscript/fileName/EzLockOnState.cs: 0c3d7bb512738f873e23b4d3b73cb657 -> 
  custom:scripting/monoscript/fileName/EzFollowState.cs: 1d0e66b0ccdad5c896c6ba9c893c5080 -> 
  custom:SearchIndexIgnoredProperties: e643bd26f0fe6173181afceb89e7c659 -> 
  custom:AudioImporter_EditorPlatform: d09bf68614088b80899f8185d706f6e7 -> 
  custom:scripting/monoscript/fileName/CameraInfoPanel.cs: fad39ce8bc64894ff7bd696ae4457b12 -> 
  custom:scripting/monoscript/fileName/EzCameraController.cs: 2867cf714dd68fb2c662a576aa6a1141 -> 
  custom:scripting/monoscript/fileName/EazyLockOnTarget.cs: a68787b9265f0eaf67852271c1d0dd44 -> 
  custom:scripting/monoscript/fileName/EzCameraState.cs: 1bb02134bd33f103f04bacf6727962cf -> 
  custom:scripting/monoscript/fileName/EzOrbitState.cs: 1b56d103d6902b8f0da0975cd9e90490 -> 
  custom:scripting/monoscript/fileName/EzLockOnTarget.cs: 99f9b3e4747d371a9352a8349e96a4b2 -> 
  custom:scripting/monoscript/fileName/EazyCameraUtility.cs: 21b872a57246b9238721c9e7d813230d -> 
  custom:video-encoder-webm-vp8: eb34c28f22e8b96e1ab97ce403110664 -> 
  custom:audio-decoder-ogg-vorbis: bf7c407c2cedff20999df2af8eb42d56 -> 
  custom:scripting/monoscript/fileName/EzAnimator.cs: 573221b1067cb315f913c44cd6ca4e95 -> 
  custom:scripting/monoscript/fileName/EzCameraCollider.cs: 91604209b18393c823b2ada9c830cf7a -> 
  custom:scripting/monoscript/fileName/MouseAimCamera.cs: 96153efc34b052ed2e89107fc8f8f675 -> 1671d119a9c79c82280d48cdf510fab2
  custom:audio-encoder-webm-vorbis: bf7c407c2cedff20999df2af8eb42d56 -> 
  custom:scripting/monoscript/fileName/FloatRange.cs: 9223d148eabe5b0420ce339d299cfe1a -> 
  custom:scripting/monoscript/fileName/EazyTargetManager.cs: af2defdcc02bd4b00327812801bdfffa -> 
========================================================================
Received Import Request.
  Time since last request: 15029.708085 seconds.
  path: Assets/Materials/New Material.mat
  artifactKey: Guid(3706c7cc37a4cdf499e325a55af6f29f) Importer(815301076,1909f56bfc062723c751e8b465ee728b)
Start importing Assets/Materials/New Material.mat using Guid(3706c7cc37a4cdf499e325a55af6f29f) Importer(815301076,1909f56bfc062723c751e8b465ee728b) [PhysX] Initialized MultithreadedTaskDispatcher with 12 workers.
[PhysX] Initialized MultithreadedTaskDispatcher with 12 workers.
 -> (artifact id: 'b58df38cd7f9406e60605b0526a35b92') in 0.119793 seconds
Number of updated asset objects reloaded before import = 0
Number of asset objects unloaded after import = 1
========================================================================
Received Prepare
Begin MonoManager ReloadAssembly
- Loaded All Assemblies, in  0.488 seconds
Refreshing native plugins compatible for Editor in 7.04 ms, found 3 plugins.
Native extension for WindowsStandalone target not found
Mono: successfully reloaded assembly
- Finished resetting the current domain, in  1.523 seconds
Domain Reload Profiling: 2007ms
	BeginReloadAssembly (161ms)
		ExecutionOrderSort (0ms)
		DisableScriptedObjects (4ms)
		BackupInstance (0ms)
		ReleaseScriptingObjects (0ms)
		CreateAndSetChildDomain (41ms)
	RebuildCommonClasses (29ms)
	RebuildNativeTypeToScriptingClass (9ms)
	initialDomainReloadingComplete (32ms)
	LoadAllAssembliesAndSetupDomain (252ms)
		LoadAssemblies (311ms)
		RebuildTransferFunctionScriptingTraits (0ms)
		AnalyzeDomain (22ms)
			TypeCache.Refresh (11ms)
				TypeCache.ScanAssembly (0ms)
			ScanForSourceGeneratedMonoScriptInfo (0ms)
			ResolveRequiredComponents (8ms)
	FinalizeReload (1523ms)
		ReleaseScriptCaches (0ms)
		RebuildScriptCaches (0ms)
		SetupLoadedEditorAssemblies (692ms)
			LogAssemblyErrors (0ms)
			InitializePlatformSupportModulesInManaged (10ms)
			SetLoadedEditorAssemblies (4ms)
			RefreshPlugins (0ms)
			BeforeProcessingInitializeOnLoad (97ms)
			ProcessInitializeOnLoadAttributes (548ms)
			ProcessInitializeOnLoadMethodAttributes (24ms)
			AfterProcessingInitializeOnLoad (9ms)
			EditorAssembliesLoaded (0ms)
		ExecutionOrderSort2 (0ms)
		AwakeInstancesAfterBackupRestoration (9ms)
Refreshing native plugins compatible for Editor in 5.56 ms, found 3 plugins.
Preloading 0 native plugins for Editor in 0.00 ms.
Unloading 3998 Unused Serialized files (Serialized files now loaded: 0)
Unloading 29 unused Assets / (167.2 KB). Loaded Objects now: 4588.
Memory consumption went from 146.9 MB to 146.8 MB.
Total: 6.964500 ms (FindLiveObjects: 0.896900 ms CreateObjectMapping: 0.591100 ms MarkObjects: 5.126300 ms  DeleteObjects: 0.349500 ms)

Prepare: number of updated asset objects reloaded= 0
AssetImportParameters requested are different than current active one (requested -> active):
  custom:container-demuxer-ogg: 62fdf1f143b41e24485cea50d1cbac27 -> 
  custom:scripting/monoscript/fileName/EventData.cs: 7f9c772d9f7557312dd61948a239c04f -> 
  custom:scripting/monoscript/fileName/EazyEventKey.cs: b578b53fec93567ad19bea54bb9691ac -> 
  custom:scripting/monoscript/fileName/EzMotor.cs: d95a3d0d2b8460e4950994fe5a3448c9 -> 
  custom:scripting/monoscript/fileName/FollowParent.cs: 8b53cad9a77dee649b53eaea59b3c3d0 -> 
  custom:scripting/monoscript/fileName/EzCamera.cs: 9debed0864edb30df7b566b12baa4309 -> 
  custom:video-decoder-ogg-theora: a1e56fd34408186e4bbccfd4996cb3dc -> 
  custom:framework-win-MediaFoundation: 216162199b28c13a410421893ffa2e32 -> 
  custom:scripting/monoscript/fileName/EzStationaryState.cs: 52d5cb91828da8f25545fd15367c2dd1 -> 
  custom:scripting/monoscript/fileName/EazyTargetReticle.cs: 17b52ee45f45bc3d38474929aff2f2de -> 
  custom:scripting/monoscript/fileName/ExtensionMethods.cs: 4f0ee0b787929b0d750983189a906962 -> 
  custom:scripting/monoscript/fileName/EzPlayerController.cs: 4588e531bc9c8707152077cf2c6f8242 -> 
  custom:CustomObjectIndexerAttribute: 9a22284fe3817be447336de3de66b15e -> 
  custom:scripting/monoscript/fileName/EazyCollider.cs: 2462904762d98fa49055bf21815f2c84 -> 
  custom:scripting/monoscript/fileName/EzCameraSettings.cs: d2e4e4cddbc6894fd5e97e4bc0359f07 -> 
  custom:scripting/monoscript/fileName/EzCamInspector.cs: 5c933d480e76dcccb00829e3b85157d2 -> 
  custom:container-demuxer-webm: 4f35f7cbe854078d1ac9338744f61a02 -> 
  custom:scripting/monoscript/fileName/EazyCam.cs: 87a8ae9d70cb5b0bcf931755714174b7 -> 
  custom:scripting/monoscript/fileName/EazyEventManager.cs: 0c4e3348fd896dc44a2974ceeb5c7cf6 -> 
  custom:scripting/monoscript/fileName/EazyController.cs: f3170ba83550d5bea5fdec29db4e5d46 -> 
  custom:scripting/monoscript/fileName/EazyConstants.cs: 1b6ff62dd5e0b4ecb6e499793fd70a57 -> 
  custom:container-muxer-webm: aa71ff27fc2769a1b78a27578f13a17b -> 
  custom:scripting/monoscript/fileName/EzStateMachine.cs: 2b197fc5472862c0849c7524f3514dd7 -> 
  custom:video-decoder-webm-vp8: 9c59270c3fd7afecdb556c50c9e8de78 -> 
  custom:scripting/monoscript/fileName/EzLockOnState.cs: 0c3d7bb512738f873e23b4d3b73cb657 -> 
  custom:scripting/monoscript/fileName/EzFollowState.cs: 1d0e66b0ccdad5c896c6ba9c893c5080 -> 
  custom:SearchIndexIgnoredProperties: e643bd26f0fe6173181afceb89e7c659 -> 
  custom:AudioImporter_EditorPlatform: d09bf68614088b80899f8185d706f6e7 -> 
  custom:scripting/monoscript/fileName/CameraInfoPanel.cs: fad39ce8bc64894ff7bd696ae4457b12 -> 
  custom:scripting/monoscript/fileName/EzCameraController.cs: 2867cf714dd68fb2c662a576aa6a1141 -> 
  custom:scripting/monoscript/fileName/EazyLockOnTarget.cs: a68787b9265f0eaf67852271c1d0dd44 -> 
  custom:scripting/monoscript/fileName/EzCameraState.cs: 1bb02134bd33f103f04bacf6727962cf -> 
  custom:scripting/monoscript/fileName/EzOrbitState.cs: 1b56d103d6902b8f0da0975cd9e90490 -> 
  custom:scripting/monoscript/fileName/EzLockOnTarget.cs: 99f9b3e4747d371a9352a8349e96a4b2 -> 
  custom:scripting/monoscript/fileName/EazyCameraUtility.cs: 21b872a57246b9238721c9e7d813230d -> 
  custom:video-encoder-webm-vp8: eb34c28f22e8b96e1ab97ce403110664 -> 
  custom:audio-decoder-ogg-vorbis: bf7c407c2cedff20999df2af8eb42d56 -> 
  custom:scripting/monoscript/fileName/EzAnimator.cs: 573221b1067cb315f913c44cd6ca4e95 -> 
  custom:scripting/monoscript/fileName/EzCameraCollider.cs: 91604209b18393c823b2ada9c830cf7a -> 
  custom:scripting/monoscript/fileName/MouseAimCamera.cs: 96153efc34b052ed2e89107fc8f8f675 -> 1671d119a9c79c82280d48cdf510fab2
  custom:audio-encoder-webm-vorbis: bf7c407c2cedff20999df2af8eb42d56 -> 
  custom:scripting/monoscript/fileName/FloatRange.cs: 9223d148eabe5b0420ce339d299cfe1a -> 
  custom:scripting/monoscript/fileName/EazyTargetManager.cs: af2defdcc02bd4b00327812801bdfffa -> 
========================================================================
Received Prepare
Begin MonoManager ReloadAssembly
- Loaded All Assemblies, in  0.499 seconds
Refreshing native plugins compatible for Editor in 6.32 ms, found 3 plugins.
Native extension for WindowsStandalone target not found
Mono: successfully reloaded assembly
- Finished resetting the current domain, in  1.572 seconds
Domain Reload Profiling: 2068ms
	BeginReloadAssembly (159ms)
		ExecutionOrderSort (0ms)
		DisableScriptedObjects (5ms)
		BackupInstance (0ms)
		ReleaseScriptingObjects (0ms)
		CreateAndSetChildDomain (41ms)
	RebuildCommonClasses (27ms)
	RebuildNativeTypeToScriptingClass (9ms)
	initialDomainReloadingComplete (34ms)
	LoadAllAssembliesAndSetupDomain (265ms)
		LoadAssemblies (325ms)
		RebuildTransferFunctionScriptingTraits (0ms)
		AnalyzeDomain (20ms)
			TypeCache.Refresh (11ms)
				TypeCache.ScanAssembly (0ms)
			ScanForSourceGeneratedMonoScriptInfo (0ms)
			ResolveRequiredComponents (6ms)
	FinalizeReload (1573ms)
		ReleaseScriptCaches (0ms)
		RebuildScriptCaches (0ms)
		SetupLoadedEditorAssemblies (688ms)
			LogAssemblyErrors (0ms)
			InitializePlatformSupportModulesInManaged (8ms)
			SetLoadedEditorAssemblies (4ms)
			RefreshPlugins (0ms)
			BeforeProcessingInitializeOnLoad (88ms)
			ProcessInitializeOnLoadAttributes (547ms)
			ProcessInitializeOnLoadMethodAttributes (25ms)
			AfterProcessingInitializeOnLoad (15ms)
			EditorAssembliesLoaded (0ms)
		ExecutionOrderSort2 (0ms)
		AwakeInstancesAfterBackupRestoration (19ms)
Refreshing native plugins compatible for Editor in 5.82 ms, found 3 plugins.
Preloading 0 native plugins for Editor in 0.00 ms.
Unloading 3999 Unused Serialized files (Serialized files now loaded: 0)
Unloading 29 unused Assets / (167.4 KB). Loaded Objects now: 4603.
Memory consumption went from 147.2 MB to 147.0 MB.
Total: 8.456900 ms (FindLiveObjects: 0.708000 ms CreateObjectMapping: 0.417900 ms MarkObjects: 6.908600 ms  DeleteObjects: 0.420000 ms)

Prepare: number of updated asset objects reloaded= 0
AssetImportParameters requested are different than current active one (requested -> active):
  custom:container-demuxer-ogg: 62fdf1f143b41e24485cea50d1cbac27 -> 
  custom:scripting/monoscript/fileName/EventData.cs: 7f9c772d9f7557312dd61948a239c04f -> 
  custom:scripting/monoscript/fileName/EazyEventKey.cs: b578b53fec93567ad19bea54bb9691ac -> 
  custom:scripting/monoscript/fileName/EzMotor.cs: d95a3d0d2b8460e4950994fe5a3448c9 -> 
  custom:scripting/monoscript/fileName/FollowParent.cs: 8b53cad9a77dee649b53eaea59b3c3d0 -> 
  custom:scripting/monoscript/fileName/EzCamera.cs: 9debed0864edb30df7b566b12baa4309 -> 
  custom:video-decoder-ogg-theora: a1e56fd34408186e4bbccfd4996cb3dc -> 
  custom:framework-win-MediaFoundation: 216162199b28c13a410421893ffa2e32 -> 
  custom:scripting/monoscript/fileName/EzStationaryState.cs: 52d5cb91828da8f25545fd15367c2dd1 -> 
  custom:scripting/monoscript/fileName/EazyTargetReticle.cs: 17b52ee45f45bc3d38474929aff2f2de -> 
  custom:scripting/monoscript/fileName/ExtensionMethods.cs: 4f0ee0b787929b0d750983189a906962 -> 
  custom:scripting/monoscript/fileName/EzPlayerController.cs: 4588e531bc9c8707152077cf2c6f8242 -> 
  custom:CustomObjectIndexerAttribute: 9a22284fe3817be447336de3de66b15e -> 
  custom:scripting/monoscript/fileName/EazyCollider.cs: 2462904762d98fa49055bf21815f2c84 -> 
  custom:scripting/monoscript/fileName/EzCameraSettings.cs: d2e4e4cddbc6894fd5e97e4bc0359f07 -> 
  custom:scripting/monoscript/fileName/EzCamInspector.cs: 5c933d480e76dcccb00829e3b85157d2 -> 
  custom:container-demuxer-webm: 4f35f7cbe854078d1ac9338744f61a02 -> 
  custom:scripting/monoscript/fileName/EazyCam.cs: 87a8ae9d70cb5b0bcf931755714174b7 -> 
  custom:scripting/monoscript/fileName/EazyEventManager.cs: 0c4e3348fd896dc44a2974ceeb5c7cf6 -> 
  custom:scripting/monoscript/fileName/EazyController.cs: f3170ba83550d5bea5fdec29db4e5d46 -> 
  custom:scripting/monoscript/fileName/EazyConstants.cs: 1b6ff62dd5e0b4ecb6e499793fd70a57 -> 
  custom:container-muxer-webm: aa71ff27fc2769a1b78a27578f13a17b -> 
  custom:scripting/monoscript/fileName/EzStateMachine.cs: 2b197fc5472862c0849c7524f3514dd7 -> 
  custom:video-decoder-webm-vp8: 9c59270c3fd7afecdb556c50c9e8de78 -> 
  custom:scripting/monoscript/fileName/EzLockOnState.cs: 0c3d7bb512738f873e23b4d3b73cb657 -> 
  custom:scripting/monoscript/fileName/EzFollowState.cs: 1d0e66b0ccdad5c896c6ba9c893c5080 -> 
  custom:SearchIndexIgnoredProperties: e643bd26f0fe6173181afceb89e7c659 -> 
  custom:AudioImporter_EditorPlatform: d09bf68614088b80899f8185d706f6e7 -> 
  custom:scripting/monoscript/fileName/CameraInfoPanel.cs: fad39ce8bc64894ff7bd696ae4457b12 -> 
  custom:scripting/monoscript/fileName/EzCameraController.cs: 2867cf714dd68fb2c662a576aa6a1141 -> 
  custom:scripting/monoscript/fileName/EazyLockOnTarget.cs: a68787b9265f0eaf67852271c1d0dd44 -> 
  custom:scripting/monoscript/fileName/EzCameraState.cs: 1bb02134bd33f103f04bacf6727962cf -> 
  custom:scripting/monoscript/fileName/EzOrbitState.cs: 1b56d103d6902b8f0da0975cd9e90490 -> 
  custom:scripting/monoscript/fileName/EzLockOnTarget.cs: 99f9b3e4747d371a9352a8349e96a4b2 -> 
  custom:scripting/monoscript/fileName/EazyCameraUtility.cs: 21b872a57246b9238721c9e7d813230d -> 
  custom:video-encoder-webm-vp8: eb34c28f22e8b96e1ab97ce403110664 -> 
  custom:audio-decoder-ogg-vorbis: bf7c407c2cedff20999df2af8eb42d56 -> 
  custom:scripting/monoscript/fileName/EzAnimator.cs: 573221b1067cb315f913c44cd6ca4e95 -> 
  custom:scripting/monoscript/fileName/EzCameraCollider.cs: 91604209b18393c823b2ada9c830cf7a -> 
  custom:scripting/monoscript/fileName/MouseAimCamera.cs: 96153efc34b052ed2e89107fc8f8f675 -> 1671d119a9c79c82280d48cdf510fab2
  custom:audio-encoder-webm-vorbis: bf7c407c2cedff20999df2af8eb42d56 -> 
  custom:scripting/monoscript/fileName/FloatRange.cs: 9223d148eabe5b0420ce339d299cfe1a -> 
  custom:scripting/monoscript/fileName/EazyTargetManager.cs: af2defdcc02bd4b00327812801bdfffa -> 
========================================================================
Received Prepare
Begin MonoManager ReloadAssembly
- Loaded All Assemblies, in  1.649 seconds
Refreshing native plugins compatible for Editor in 6.31 ms, found 3 plugins.
Native extension for WindowsStandalone target not found
Mono: successfully reloaded assembly
- Finished resetting the current domain, in  1.682 seconds
Domain Reload Profiling: 3328ms
	BeginReloadAssembly (317ms)
		ExecutionOrderSort (0ms)
		DisableScriptedObjects (8ms)
		BackupInstance (0ms)
		ReleaseScriptingObjects (0ms)
		CreateAndSetChildDomain (130ms)
	RebuildCommonClasses (45ms)
	RebuildNativeTypeToScriptingClass (14ms)
	initialDomainReloadingComplete (45ms)
	LoadAllAssembliesAndSetupDomain (1224ms)
		LoadAssemblies (1324ms)
		RebuildTransferFunctionScriptingTraits (0ms)
		AnalyzeDomain (25ms)
			TypeCache.Refresh (13ms)
				TypeCache.ScanAssembly (0ms)
			ScanForSourceGeneratedMonoScriptInfo (0ms)
			ResolveRequiredComponents (9ms)
	FinalizeReload (1683ms)
		ReleaseScriptCaches (0ms)
		RebuildScriptCaches (0ms)
		SetupLoadedEditorAssemblies (708ms)
			LogAssemblyErrors (0ms)
			InitializePlatformSupportModulesInManaged (8ms)
			SetLoadedEditorAssemblies (4ms)
			RefreshPlugins (0ms)
			BeforeProcessingInitializeOnLoad (91ms)
			ProcessInitializeOnLoadAttributes (571ms)
			ProcessInitializeOnLoadMethodAttributes (25ms)
			AfterProcessingInitializeOnLoad (9ms)
			EditorAssembliesLoaded (1ms)
		ExecutionOrderSort2 (0ms)
		AwakeInstancesAfterBackupRestoration (9ms)
Refreshing native plugins compatible for Editor in 4.92 ms, found 3 plugins.
Preloading 0 native plugins for Editor in 0.00 ms.
Unloading 3999 Unused Serialized files (Serialized files now loaded: 0)
Unloading 29 unused Assets / (167.1 KB). Loaded Objects now: 4618.
Memory consumption went from 147.2 MB to 147.0 MB.
Total: 7.619900 ms (FindLiveObjects: 0.937800 ms CreateObjectMapping: 0.423500 ms MarkObjects: 6.008500 ms  DeleteObjects: 0.247200 ms)

Prepare: number of updated asset objects reloaded= 0
AssetImportParameters requested are different than current active one (requested -> active):
  custom:container-demuxer-ogg: 62fdf1f143b41e24485cea50d1cbac27 -> 
  custom:scripting/monoscript/fileName/EventData.cs: 7f9c772d9f7557312dd61948a239c04f -> 
  custom:scripting/monoscript/fileName/EazyEventKey.cs: b578b53fec93567ad19bea54bb9691ac -> 
  custom:scripting/monoscript/fileName/EzMotor.cs: d95a3d0d2b8460e4950994fe5a3448c9 -> 
  custom:scripting/monoscript/fileName/FollowParent.cs: 8b53cad9a77dee649b53eaea59b3c3d0 -> 
  custom:scripting/monoscript/fileName/EzCamera.cs: 9debed0864edb30df7b566b12baa4309 -> 
  custom:video-decoder-ogg-theora: a1e56fd34408186e4bbccfd4996cb3dc -> 
  custom:framework-win-MediaFoundation: 216162199b28c13a410421893ffa2e32 -> 
  custom:scripting/monoscript/fileName/EzStationaryState.cs: 52d5cb91828da8f25545fd15367c2dd1 -> 
  custom:scripting/monoscript/fileName/EazyTargetReticle.cs: 17b52ee45f45bc3d38474929aff2f2de -> 
  custom:scripting/monoscript/fileName/ExtensionMethods.cs: 4f0ee0b787929b0d750983189a906962 -> 
  custom:scripting/monoscript/fileName/EzPlayerController.cs: 4588e531bc9c8707152077cf2c6f8242 -> 
  custom:CustomObjectIndexerAttribute: 9a22284fe3817be447336de3de66b15e -> 
  custom:scripting/monoscript/fileName/EazyCollider.cs: 2462904762d98fa49055bf21815f2c84 -> 
  custom:scripting/monoscript/fileName/EzCameraSettings.cs: d2e4e4cddbc6894fd5e97e4bc0359f07 -> 
  custom:scripting/monoscript/fileName/EzCamInspector.cs: 5c933d480e76dcccb00829e3b85157d2 -> 
  custom:container-demuxer-webm: 4f35f7cbe854078d1ac9338744f61a02 -> 
  custom:scripting/monoscript/fileName/EazyCam.cs: 87a8ae9d70cb5b0bcf931755714174b7 -> 
  custom:scripting/monoscript/fileName/EazyEventManager.cs: 0c4e3348fd896dc44a2974ceeb5c7cf6 -> 
  custom:scripting/monoscript/fileName/EazyController.cs: f3170ba83550d5bea5fdec29db4e5d46 -> 
  custom:scripting/monoscript/fileName/EazyConstants.cs: 1b6ff62dd5e0b4ecb6e499793fd70a57 -> 
  custom:container-muxer-webm: aa71ff27fc2769a1b78a27578f13a17b -> 
  custom:scripting/monoscript/fileName/EzStateMachine.cs: 2b197fc5472862c0849c7524f3514dd7 -> 
  custom:video-decoder-webm-vp8: 9c59270c3fd7afecdb556c50c9e8de78 -> 
  custom:scripting/monoscript/fileName/EzLockOnState.cs: 0c3d7bb512738f873e23b4d3b73cb657 -> 
  custom:scripting/monoscript/fileName/EzFollowState.cs: 1d0e66b0ccdad5c896c6ba9c893c5080 -> 
  custom:SearchIndexIgnoredProperties: e643bd26f0fe6173181afceb89e7c659 -> 
  custom:AudioImporter_EditorPlatform: d09bf68614088b80899f8185d706f6e7 -> 
  custom:scripting/monoscript/fileName/CameraInfoPanel.cs: fad39ce8bc64894ff7bd696ae4457b12 -> 
  custom:scripting/monoscript/fileName/EzCameraController.cs: 2867cf714dd68fb2c662a576aa6a1141 -> 
  custom:scripting/monoscript/fileName/EazyLockOnTarget.cs: a68787b9265f0eaf67852271c1d0dd44 -> 
  custom:scripting/monoscript/fileName/EzCameraState.cs: 1bb02134bd33f103f04bacf6727962cf -> 
  custom:scripting/monoscript/fileName/EzOrbitState.cs: 1b56d103d6902b8f0da0975cd9e90490 -> 
  custom:scripting/monoscript/fileName/EzLockOnTarget.cs: 99f9b3e4747d371a9352a8349e96a4b2 -> 
  custom:scripting/monoscript/fileName/EazyCameraUtility.cs: 21b872a57246b9238721c9e7d813230d -> 
  custom:video-encoder-webm-vp8: eb34c28f22e8b96e1ab97ce403110664 -> 
  custom:audio-decoder-ogg-vorbis: bf7c407c2cedff20999df2af8eb42d56 -> 
  custom:scripting/monoscript/fileName/EzAnimator.cs: 573221b1067cb315f913c44cd6ca4e95 -> 
  custom:scripting/monoscript/fileName/EzCameraCollider.cs: 91604209b18393c823b2ada9c830cf7a -> 
  custom:scripting/monoscript/fileName/MouseAimCamera.cs: 96153efc34b052ed2e89107fc8f8f675 -> 1671d119a9c79c82280d48cdf510fab2
  custom:audio-encoder-webm-vorbis: bf7c407c2cedff20999df2af8eb42d56 -> 
  custom:scripting/monoscript/fileName/FloatRange.cs: 9223d148eabe5b0420ce339d299cfe1a -> 
  custom:scripting/monoscript/fileName/EazyTargetManager.cs: af2defdcc02bd4b00327812801bdfffa -> 
========================================================================
Received Prepare
Begin MonoManager ReloadAssembly
- Loaded All Assemblies, in  0.674 seconds
Refreshing native plugins compatible for Editor in 5.20 ms, found 3 plugins.
Native extension for WindowsStandalone target not found
Mono: successfully reloaded assembly
- Finished resetting the current domain, in  1.250 seconds
Domain Reload Profiling: 1918ms
	BeginReloadAssembly (211ms)
		ExecutionOrderSort (0ms)
		DisableScriptedObjects (5ms)
		BackupInstance (0ms)
		ReleaseScriptingObjects (0ms)
		CreateAndSetChildDomain (52ms)
	RebuildCommonClasses (46ms)
	RebuildNativeTypeToScriptingClass (9ms)
	initialDomainReloadingComplete (42ms)
	LoadAllAssembliesAndSetupDomain (360ms)
		LoadAssemblies (437ms)
		RebuildTransferFunctionScriptingTraits (0ms)
		AnalyzeDomain (36ms)
			TypeCache.Refresh (12ms)
				TypeCache.ScanAssembly (0ms)
			ScanForSourceGeneratedMonoScriptInfo (15ms)
			ResolveRequiredComponents (6ms)
	FinalizeReload (1251ms)
		ReleaseScriptCaches (0ms)
		RebuildScriptCaches (0ms)
		SetupLoadedEditorAssemblies (545ms)
			LogAssemblyErrors (0ms)
			InitializePlatformSupportModulesInManaged (8ms)
			SetLoadedEditorAssemblies (3ms)
			RefreshPlugins (0ms)
			BeforeProcessingInitializeOnLoad (70ms)
			ProcessInitializeOnLoadAttributes (437ms)
			ProcessInitializeOnLoadMethodAttributes (17ms)
			AfterProcessingInitializeOnLoad (9ms)
			EditorAssembliesLoaded (0ms)
		ExecutionOrderSort2 (0ms)
		AwakeInstancesAfterBackupRestoration (5ms)
Refreshing native plugins compatible for Editor in 5.69 ms, found 3 plugins.
Preloading 0 native plugins for Editor in 0.00 ms.
Unloading 3999 Unused Serialized files (Serialized files now loaded: 0)
Unloading 29 unused Assets / (151.2 KB). Loaded Objects now: 4633.
Memory consumption went from 147.2 MB to 147.1 MB.
Total: 4.877700 ms (FindLiveObjects: 0.314600 ms CreateObjectMapping: 0.247400 ms MarkObjects: 4.122400 ms  DeleteObjects: 0.191900 ms)

Prepare: number of updated asset objects reloaded= 0
AssetImportParameters requested are different than current active one (requested -> active):
  custom:container-demuxer-ogg: 62fdf1f143b41e24485cea50d1cbac27 -> 
  custom:scripting/monoscript/fileName/EventData.cs: 7f9c772d9f7557312dd61948a239c04f -> 
  custom:scripting/monoscript/fileName/EazyEventKey.cs: b578b53fec93567ad19bea54bb9691ac -> 
  custom:scripting/monoscript/fileName/EzMotor.cs: d95a3d0d2b8460e4950994fe5a3448c9 -> 
  custom:scripting/monoscript/fileName/FollowParent.cs: 8b53cad9a77dee649b53eaea59b3c3d0 -> 
  custom:scripting/monoscript/fileName/EzCamera.cs: 9debed0864edb30df7b566b12baa4309 -> 
  custom:video-decoder-ogg-theora: a1e56fd34408186e4bbccfd4996cb3dc -> 
  custom:framework-win-MediaFoundation: 216162199b28c13a410421893ffa2e32 -> 
  custom:scripting/monoscript/fileName/EzStationaryState.cs: 52d5cb91828da8f25545fd15367c2dd1 -> 
  custom:scripting/monoscript/fileName/EazyTargetReticle.cs: 17b52ee45f45bc3d38474929aff2f2de -> 
  custom:scripting/monoscript/fileName/ExtensionMethods.cs: 4f0ee0b787929b0d750983189a906962 -> 
  custom:scripting/monoscript/fileName/EzPlayerController.cs: 4588e531bc9c8707152077cf2c6f8242 -> 
  custom:CustomObjectIndexerAttribute: 9a22284fe3817be447336de3de66b15e -> 
  custom:scripting/monoscript/fileName/EazyCollider.cs: 2462904762d98fa49055bf21815f2c84 -> 
  custom:scripting/monoscript/fileName/EzCameraSettings.cs: d2e4e4cddbc6894fd5e97e4bc0359f07 -> 
  custom:scripting/monoscript/fileName/EzCamInspector.cs: 5c933d480e76dcccb00829e3b85157d2 -> 
  custom:container-demuxer-webm: 4f35f7cbe854078d1ac9338744f61a02 -> 
  custom:scripting/monoscript/fileName/EazyCam.cs: 87a8ae9d70cb5b0bcf931755714174b7 -> 
  custom:scripting/monoscript/fileName/EazyEventManager.cs: 0c4e3348fd896dc44a2974ceeb5c7cf6 -> 
  custom:scripting/monoscript/fileName/EazyController.cs: f3170ba83550d5bea5fdec29db4e5d46 -> 
  custom:scripting/monoscript/fileName/EazyConstants.cs: 1b6ff62dd5e0b4ecb6e499793fd70a57 -> 
  custom:container-muxer-webm: aa71ff27fc2769a1b78a27578f13a17b -> 
  custom:scripting/monoscript/fileName/EzStateMachine.cs: 2b197fc5472862c0849c7524f3514dd7 -> 
  custom:video-decoder-webm-vp8: 9c59270c3fd7afecdb556c50c9e8de78 -> 
  custom:scripting/monoscript/fileName/EzLockOnState.cs: 0c3d7bb512738f873e23b4d3b73cb657 -> 
  custom:scripting/monoscript/fileName/EzFollowState.cs: 1d0e66b0ccdad5c896c6ba9c893c5080 -> 
  custom:SearchIndexIgnoredProperties: e643bd26f0fe6173181afceb89e7c659 -> 
  custom:AudioImporter_EditorPlatform: d09bf68614088b80899f8185d706f6e7 -> 
  custom:scripting/monoscript/fileName/CameraInfoPanel.cs: fad39ce8bc64894ff7bd696ae4457b12 -> 
  custom:scripting/monoscript/fileName/EzCameraController.cs: 2867cf714dd68fb2c662a576aa6a1141 -> 
  custom:scripting/monoscript/fileName/EazyLockOnTarget.cs: a68787b9265f0eaf67852271c1d0dd44 -> 
  custom:scripting/monoscript/fileName/EzCameraState.cs: 1bb02134bd33f103f04bacf6727962cf -> 
  custom:scripting/monoscript/fileName/EzOrbitState.cs: 1b56d103d6902b8f0da0975cd9e90490 -> 
  custom:scripting/monoscript/fileName/EzLockOnTarget.cs: 99f9b3e4747d371a9352a8349e96a4b2 -> 
  custom:scripting/monoscript/fileName/EazyCameraUtility.cs: 21b872a57246b9238721c9e7d813230d -> 
  custom:video-encoder-webm-vp8: eb34c28f22e8b96e1ab97ce403110664 -> 
  custom:audio-decoder-ogg-vorbis: bf7c407c2cedff20999df2af8eb42d56 -> 
  custom:scripting/monoscript/fileName/EzAnimator.cs: 573221b1067cb315f913c44cd6ca4e95 -> 
  custom:scripting/monoscript/fileName/EzCameraCollider.cs: 91604209b18393c823b2ada9c830cf7a -> 
  custom:scripting/monoscript/fileName/MouseAimCamera.cs: 96153efc34b052ed2e89107fc8f8f675 -> 1671d119a9c79c82280d48cdf510fab2
  custom:audio-encoder-webm-vorbis: bf7c407c2cedff20999df2af8eb42d56 -> 
  custom:scripting/monoscript/fileName/FloatRange.cs: 9223d148eabe5b0420ce339d299cfe1a -> 
  custom:scripting/monoscript/fileName/EazyTargetManager.cs: af2defdcc02bd4b00327812801bdfffa -> 
========================================================================
Received Prepare
Begin MonoManager ReloadAssembly
- Loaded All Assemblies, in  0.584 seconds
Refreshing native plugins compatible for Editor in 7.13 ms, found 3 plugins.
Native extension for WindowsStandalone target not found
Mono: successfully reloaded assembly
- Finished resetting the current domain, in  1.628 seconds
Domain Reload Profiling: 2209ms
	BeginReloadAssembly (194ms)
		ExecutionOrderSort (0ms)
		DisableScriptedObjects (4ms)
		BackupInstance (0ms)
		ReleaseScriptingObjects (0ms)
		CreateAndSetChildDomain (53ms)
	RebuildCommonClasses (32ms)
	RebuildNativeTypeToScriptingClass (9ms)
	initialDomainReloadingComplete (37ms)
	LoadAllAssembliesAndSetupDomain (308ms)
		LoadAssemblies (381ms)
		RebuildTransferFunctionScriptingTraits (0ms)
		AnalyzeDomain (24ms)
			TypeCache.Refresh (12ms)
				TypeCache.ScanAssembly (0ms)
			ScanForSourceGeneratedMonoScriptInfo (0ms)
			ResolveRequiredComponents (9ms)
	FinalizeReload (1629ms)
		ReleaseScriptCaches (0ms)
		RebuildScriptCaches (0ms)
		SetupLoadedEditorAssemblies (718ms)
			LogAssemblyErrors (0ms)
			InitializePlatformSupportModulesInManaged (9ms)
			SetLoadedEditorAssemblies (4ms)
			RefreshPlugins (0ms)
			BeforeProcessingInitializeOnLoad (98ms)
			ProcessInitializeOnLoadAttributes (569ms)
			ProcessInitializeOnLoadMethodAttributes (25ms)
			AfterProcessingInitializeOnLoad (13ms)
			EditorAssembliesLoaded (0ms)
		ExecutionOrderSort2 (0ms)
		AwakeInstancesAfterBackupRestoration (8ms)
Refreshing native plugins compatible for Editor in 5.17 ms, found 3 plugins.
Preloading 0 native plugins for Editor in 0.00 ms.
Unloading 3999 Unused Serialized files (Serialized files now loaded: 0)
Unloading 29 unused Assets / (167.2 KB). Loaded Objects now: 4648.
Memory consumption went from 147.2 MB to 147.1 MB.
Total: 5.830600 ms (FindLiveObjects: 0.444000 ms CreateObjectMapping: 0.538100 ms MarkObjects: 4.617000 ms  DeleteObjects: 0.228900 ms)

Prepare: number of updated asset objects reloaded= 0
AssetImportParameters requested are different than current active one (requested -> active):
  custom:container-demuxer-ogg: 62fdf1f143b41e24485cea50d1cbac27 -> 
  custom:scripting/monoscript/fileName/EventData.cs: 7f9c772d9f7557312dd61948a239c04f -> 
  custom:scripting/monoscript/fileName/EazyEventKey.cs: b578b53fec93567ad19bea54bb9691ac -> 
  custom:scripting/monoscript/fileName/EzMotor.cs: d95a3d0d2b8460e4950994fe5a3448c9 -> 
  custom:scripting/monoscript/fileName/FollowParent.cs: 8b53cad9a77dee649b53eaea59b3c3d0 -> 
  custom:scripting/monoscript/fileName/EzCamera.cs: 9debed0864edb30df7b566b12baa4309 -> 
  custom:video-decoder-ogg-theora: a1e56fd34408186e4bbccfd4996cb3dc -> 
  custom:framework-win-MediaFoundation: 216162199b28c13a410421893ffa2e32 -> 
  custom:scripting/monoscript/fileName/EzStationaryState.cs: 52d5cb91828da8f25545fd15367c2dd1 -> 
  custom:scripting/monoscript/fileName/EazyTargetReticle.cs: 17b52ee45f45bc3d38474929aff2f2de -> 
  custom:scripting/monoscript/fileName/ExtensionMethods.cs: 4f0ee0b787929b0d750983189a906962 -> 
  custom:scripting/monoscript/fileName/EzPlayerController.cs: 4588e531bc9c8707152077cf2c6f8242 -> 
  custom:CustomObjectIndexerAttribute: 9a22284fe3817be447336de3de66b15e -> 
  custom:scripting/monoscript/fileName/EazyCollider.cs: 2462904762d98fa49055bf21815f2c84 -> 
  custom:scripting/monoscript/fileName/EzCameraSettings.cs: d2e4e4cddbc6894fd5e97e4bc0359f07 -> 
  custom:scripting/monoscript/fileName/EzCamInspector.cs: 5c933d480e76dcccb00829e3b85157d2 -> 
  custom:container-demuxer-webm: 4f35f7cbe854078d1ac9338744f61a02 -> 
  custom:scripting/monoscript/fileName/EazyCam.cs: 87a8ae9d70cb5b0bcf931755714174b7 -> 
  custom:scripting/monoscript/fileName/EazyEventManager.cs: 0c4e3348fd896dc44a2974ceeb5c7cf6 -> 
  custom:scripting/monoscript/fileName/EazyController.cs: f3170ba83550d5bea5fdec29db4e5d46 -> 
  custom:scripting/monoscript/fileName/EazyConstants.cs: 1b6ff62dd5e0b4ecb6e499793fd70a57 -> 
  custom:container-muxer-webm: aa71ff27fc2769a1b78a27578f13a17b -> 
  custom:scripting/monoscript/fileName/EzStateMachine.cs: 2b197fc5472862c0849c7524f3514dd7 -> 
  custom:video-decoder-webm-vp8: 9c59270c3fd7afecdb556c50c9e8de78 -> 
  custom:scripting/monoscript/fileName/EzLockOnState.cs: 0c3d7bb512738f873e23b4d3b73cb657 -> 
  custom:scripting/monoscript/fileName/EzFollowState.cs: 1d0e66b0ccdad5c896c6ba9c893c5080 -> 
  custom:SearchIndexIgnoredProperties: e643bd26f0fe6173181afceb89e7c659 -> 
  custom:AudioImporter_EditorPlatform: d09bf68614088b80899f8185d706f6e7 -> 
  custom:scripting/monoscript/fileName/CameraInfoPanel.cs: fad39ce8bc64894ff7bd696ae4457b12 -> 
  custom:scripting/monoscript/fileName/EzCameraController.cs: 2867cf714dd68fb2c662a576aa6a1141 -> 
  custom:scripting/monoscript/fileName/EazyLockOnTarget.cs: a68787b9265f0eaf67852271c1d0dd44 -> 
  custom:scripting/monoscript/fileName/EzCameraState.cs: 1bb02134bd33f103f04bacf6727962cf -> 
  custom:scripting/monoscript/fileName/EzOrbitState.cs: 1b56d103d6902b8f0da0975cd9e90490 -> 
  custom:scripting/monoscript/fileName/EzLockOnTarget.cs: 99f9b3e4747d371a9352a8349e96a4b2 -> 
  custom:scripting/monoscript/fileName/EazyCameraUtility.cs: 21b872a57246b9238721c9e7d813230d -> 
  custom:video-encoder-webm-vp8: eb34c28f22e8b96e1ab97ce403110664 -> 
  custom:audio-decoder-ogg-vorbis: bf7c407c2cedff20999df2af8eb42d56 -> 
  custom:scripting/monoscript/fileName/EzAnimator.cs: 573221b1067cb315f913c44cd6ca4e95 -> 
  custom:scripting/monoscript/fileName/EzCameraCollider.cs: 91604209b18393c823b2ada9c830cf7a -> 
  custom:scripting/monoscript/fileName/MouseAimCamera.cs: 96153efc34b052ed2e89107fc8f8f675 -> 1671d119a9c79c82280d48cdf510fab2
  custom:audio-encoder-webm-vorbis: bf7c407c2cedff20999df2af8eb42d56 -> 
  custom:scripting/monoscript/fileName/FloatRange.cs: 9223d148eabe5b0420ce339d299cfe1a -> 
  custom:scripting/monoscript/fileName/EazyTargetManager.cs: af2defdcc02bd4b00327812801bdfffa -> 
========================================================================
Received Prepare
Begin MonoManager ReloadAssembly
- Loaded All Assemblies, in  0.586 seconds
Refreshing native plugins compatible for Editor in 8.31 ms, found 3 plugins.
Native extension for WindowsStandalone target not found
Mono: successfully reloaded assembly
- Finished resetting the current domain, in  1.595 seconds
Domain Reload Profiling: 2175ms
	BeginReloadAssembly (178ms)
		ExecutionOrderSort (0ms)
		DisableScriptedObjects (4ms)
		BackupInstance (0ms)
		ReleaseScriptingObjects (0ms)
		CreateAndSetChildDomain (48ms)
	RebuildCommonClasses (41ms)
	RebuildNativeTypeToScriptingClass (10ms)
	initialDomainReloadingComplete (44ms)
	LoadAllAssembliesAndSetupDomain (307ms)
		LoadAssemblies (372ms)
		RebuildTransferFunctionScriptingTraits (0ms)
		AnalyzeDomain (22ms)
			TypeCache.Refresh (12ms)
				TypeCache.ScanAssembly (0ms)
			ScanForSourceGeneratedMonoScriptInfo (0ms)
			ResolveRequiredComponents (8ms)
	FinalizeReload (1596ms)
		ReleaseScriptCaches (0ms)
		RebuildScriptCaches (0ms)
		SetupLoadedEditorAssemblies (716ms)
			LogAssemblyErrors (0ms)
			InitializePlatformSupportModulesInManaged (10ms)
			SetLoadedEditorAssemblies (4ms)
			RefreshPlugins (0ms)
			BeforeProcessingInitializeOnLoad (85ms)
			ProcessInitializeOnLoadAttributes (581ms)
			ProcessInitializeOnLoadMethodAttributes (24ms)
			AfterProcessingInitializeOnLoad (11ms)
			EditorAssembliesLoaded (0ms)
		ExecutionOrderSort2 (0ms)
		AwakeInstancesAfterBackupRestoration (11ms)
Refreshing native plugins compatible for Editor in 7.74 ms, found 3 plugins.
Preloading 0 native plugins for Editor in 0.00 ms.
Unloading 3999 Unused Serialized files (Serialized files now loaded: 0)
Unloading 29 unused Assets / (167.3 KB). Loaded Objects now: 4663.
Memory consumption went from 147.2 MB to 147.1 MB.
Total: 8.708300 ms (FindLiveObjects: 0.807000 ms CreateObjectMapping: 0.992000 ms MarkObjects: 6.681200 ms  DeleteObjects: 0.225400 ms)

Prepare: number of updated asset objects reloaded= 0
AssetImportParameters requested are different than current active one (requested -> active):
  custom:container-demuxer-ogg: 62fdf1f143b41e24485cea50d1cbac27 -> 
  custom:scripting/monoscript/fileName/EventData.cs: 7f9c772d9f7557312dd61948a239c04f -> 
  custom:scripting/monoscript/fileName/EazyEventKey.cs: b578b53fec93567ad19bea54bb9691ac -> 
  custom:scripting/monoscript/fileName/EzMotor.cs: d95a3d0d2b8460e4950994fe5a3448c9 -> 
  custom:scripting/monoscript/fileName/FollowParent.cs: 8b53cad9a77dee649b53eaea59b3c3d0 -> 
  custom:scripting/monoscript/fileName/EzCamera.cs: 9debed0864edb30df7b566b12baa4309 -> 
  custom:video-decoder-ogg-theora: a1e56fd34408186e4bbccfd4996cb3dc -> 
  custom:framework-win-MediaFoundation: 216162199b28c13a410421893ffa2e32 -> 
  custom:scripting/monoscript/fileName/EzStationaryState.cs: 52d5cb91828da8f25545fd15367c2dd1 -> 
  custom:scripting/monoscript/fileName/EazyTargetReticle.cs: 17b52ee45f45bc3d38474929aff2f2de -> 
  custom:scripting/monoscript/fileName/ExtensionMethods.cs: 4f0ee0b787929b0d750983189a906962 -> 
  custom:scripting/monoscript/fileName/EzPlayerController.cs: 4588e531bc9c8707152077cf2c6f8242 -> 
  custom:CustomObjectIndexerAttribute: 9a22284fe3817be447336de3de66b15e -> 
  custom:scripting/monoscript/fileName/EazyCollider.cs: 2462904762d98fa49055bf21815f2c84 -> 
  custom:scripting/monoscript/fileName/EzCameraSettings.cs: d2e4e4cddbc6894fd5e97e4bc0359f07 -> 
  custom:scripting/monoscript/fileName/EzCamInspector.cs: 5c933d480e76dcccb00829e3b85157d2 -> 
  custom:container-demuxer-webm: 4f35f7cbe854078d1ac9338744f61a02 -> 
  custom:scripting/monoscript/fileName/EazyCam.cs: 87a8ae9d70cb5b0bcf931755714174b7 -> 
  custom:scripting/monoscript/fileName/EazyEventManager.cs: 0c4e3348fd896dc44a2974ceeb5c7cf6 -> 
  custom:scripting/monoscript/fileName/EazyController.cs: f3170ba83550d5bea5fdec29db4e5d46 -> 
  custom:scripting/monoscript/fileName/EazyConstants.cs: 1b6ff62dd5e0b4ecb6e499793fd70a57 -> 
  custom:container-muxer-webm: aa71ff27fc2769a1b78a27578f13a17b -> 
  custom:scripting/monoscript/fileName/EzStateMachine.cs: 2b197fc5472862c0849c7524f3514dd7 -> 
  custom:video-decoder-webm-vp8: 9c59270c3fd7afecdb556c50c9e8de78 -> 
  custom:scripting/monoscript/fileName/EzLockOnState.cs: 0c3d7bb512738f873e23b4d3b73cb657 -> 
  custom:scripting/monoscript/fileName/EzFollowState.cs: 1d0e66b0ccdad5c896c6ba9c893c5080 -> 
  custom:SearchIndexIgnoredProperties: e643bd26f0fe6173181afceb89e7c659 -> 
  custom:AudioImporter_EditorPlatform: d09bf68614088b80899f8185d706f6e7 -> 
  custom:scripting/monoscript/fileName/CameraInfoPanel.cs: fad39ce8bc64894ff7bd696ae4457b12 -> 
  custom:scripting/monoscript/fileName/EzCameraController.cs: 2867cf714dd68fb2c662a576aa6a1141 -> 
  custom:scripting/monoscript/fileName/EazyLockOnTarget.cs: a68787b9265f0eaf67852271c1d0dd44 -> 
  custom:scripting/monoscript/fileName/EzCameraState.cs: 1bb02134bd33f103f04bacf6727962cf -> 
  custom:scripting/monoscript/fileName/EzOrbitState.cs: 1b56d103d6902b8f0da0975cd9e90490 -> 
  custom:scripting/monoscript/fileName/EzLockOnTarget.cs: 99f9b3e4747d371a9352a8349e96a4b2 -> 
  custom:scripting/monoscript/fileName/EazyCameraUtility.cs: 21b872a57246b9238721c9e7d813230d -> 
  custom:video-encoder-webm-vp8: eb34c28f22e8b96e1ab97ce403110664 -> 
  custom:audio-decoder-ogg-vorbis: bf7c407c2cedff20999df2af8eb42d56 -> 
  custom:scripting/monoscript/fileName/EzAnimator.cs: 573221b1067cb315f913c44cd6ca4e95 -> 
  custom:scripting/monoscript/fileName/EzCameraCollider.cs: 91604209b18393c823b2ada9c830cf7a -> 
  custom:scripting/monoscript/fileName/MouseAimCamera.cs: 96153efc34b052ed2e89107fc8f8f675 -> 1671d119a9c79c82280d48cdf510fab2
  custom:audio-encoder-webm-vorbis: bf7c407c2cedff20999df2af8eb42d56 -> 
  custom:scripting/monoscript/fileName/FloatRange.cs: 9223d148eabe5b0420ce339d299cfe1a -> 
  custom:scripting/monoscript/fileName/EazyTargetManager.cs: af2defdcc02bd4b00327812801bdfffa -> 
